<?xml version="1.0" encoding="utf-8"?>
<me.tatarka.fasaxandroid.TestResultViewModel
        xmlns:android="http://schemas.android.com/apk/res/android"
        android:layout_width="match_parent"
        android:layout_height="wrap_content">

    <ProgressBar
            android:id="@+id/progress"
            android:layout_width="match_parent"
            android:layout_height="match_parent"
            style="?android:attr/progressBarStyleHorizontal"
            android:progressDrawable="@drawable/progress"
            android:padding="4dp"
            />

    <TextView
            android:id="@+id/name"
            android:layout_width="match_parent"
            android:layout_height="wrap_content"
            android:text="parser name"
            android:textAppearance="?android:textAppearanceLarge"
            android:padding="4dp"
            />

    <TextView
            android:id="@+id/time"
            android:layout_width="match_parent"
            android:layout_height="wrap_content"
            android:text="0"
            android:gravity="right"
            android:textAppearance="?android:textAppearanceLarge"
            android:padding="4dp"
            />
</me.tatarka.fasaxandroid.TestResultViewModel>